c:\users\gmail\desktop\csc 473\a2\computeranimationtemplate2019\anim\debug\vc141.pdb
c:\users\gmail\desktop\csc 473\a2\computeranimationtemplate2019\anim\debug\vc141.idb
c:\users\gmail\desktop\csc 473\a2\computeranimationtemplate2019\anim\debug\anim.obj
c:\users\gmail\desktop\csc 473\a2\computeranimationtemplate2019\anim\debug\animtcl.obj
c:\users\gmail\desktop\csc 473\a2\computeranimationtemplate2019\anim\debug\baseobject.obj
c:\users\gmail\desktop\csc 473\a2\computeranimationtemplate2019\anim\debug\basesimulator.obj
c:\users\gmail\desktop\csc 473\a2\computeranimationtemplate2019\anim\debug\globalresourcemanager.obj
c:\users\gmail\desktop\csc 473\a2\computeranimationtemplate2019\anim\debug\myscene.obj
c:\users\gmail\desktop\csc 473\a2\computeranimationtemplate2019\anim\debug\particlesimulator.obj
c:\users\gmail\desktop\csc 473\a2\computeranimationtemplate2019\anim\debug\particlesystem.obj
c:\users\gmail\desktop\csc 473\a2\computeranimationtemplate2019\anim\debug\resourcemanager.obj
c:\users\gmail\desktop\csc 473\a2\computeranimationtemplate2019\anim\debug\samplegravitysimulator.obj
c:\users\gmail\desktop\csc 473\a2\computeranimationtemplate2019\anim\debug\sampleparticle.obj
c:\users\gmail\desktop\csc 473\a2\computeranimationtemplate2019\anim\debug\basesystem.obj
c:\users\gmail\desktop\csc 473\a2\computeranimationtemplate2019\build\anim.exe
c:\users\gmail\desktop\csc 473\a2\computeranimationtemplate2019\build\anim.ilk
c:\users\gmail\desktop\csc 473\a2\computeranimationtemplate2019\build\animp.pdb
c:\users\gmail\desktop\csc 473\a2\computeranimationtemplate2019\anim\../build\anim.exe
c:\users\gmail\desktop\csc 473\a2\computeranimationtemplate2019\anim\debug\anim.tlog\cl.command.1.tlog
c:\users\gmail\desktop\csc 473\a2\computeranimationtemplate2019\anim\debug\anim.tlog\cl.read.1.tlog
c:\users\gmail\desktop\csc 473\a2\computeranimationtemplate2019\anim\debug\anim.tlog\cl.write.1.tlog
c:\users\gmail\desktop\csc 473\a2\computeranimationtemplate2019\anim\debug\anim.tlog\link.command.1.tlog
c:\users\gmail\desktop\csc 473\a2\computeranimationtemplate2019\anim\debug\anim.tlog\link.read.1.tlog
c:\users\gmail\desktop\csc 473\a2\computeranimationtemplate2019\anim\debug\anim.tlog\link.write.1.tlog
