c:\users\gmail\desktop\csc 473\a3\computeranimationtemplate2019\util\debug\util.pdb
c:\users\gmail\desktop\csc 473\a3\computeranimationtemplate2019\util\debug\util.idb
c:\users\gmail\desktop\csc 473\a3\computeranimationtemplate2019\util\debug\ball.obj
c:\users\gmail\desktop\csc 473\a3\computeranimationtemplate2019\util\debug\ballaux.obj
c:\users\gmail\desktop\csc 473\a3\computeranimationtemplate2019\util\debug\ballmath.obj
c:\users\gmail\desktop\csc 473\a3\computeranimationtemplate2019\util\debug\coordsystem.obj
c:\users\gmail\desktop\csc 473\a3\computeranimationtemplate2019\util\debug\framesaver.obj
c:\users\gmail\desktop\csc 473\a3\computeranimationtemplate2019\util\debug\glutilities.obj
c:\users\gmail\desktop\csc 473\a3\computeranimationtemplate2019\util\debug\image.obj
c:\users\gmail\desktop\csc 473\a3\computeranimationtemplate2019\util\debug\mymath.obj
c:\users\gmail\desktop\csc 473\a3\computeranimationtemplate2019\util\debug\noise.obj
c:\users\gmail\desktop\csc 473\a3\computeranimationtemplate2019\util\debug\picker.obj
c:\users\gmail\desktop\csc 473\a3\computeranimationtemplate2019\util\debug\quaternion.obj
c:\users\gmail\desktop\csc 473\a3\computeranimationtemplate2019\util\debug\timer.obj
c:\users\gmail\desktop\csc 473\a3\computeranimationtemplate2019\util\debug\vector.obj
c:\users\gmail\desktop\csc 473\a3\computeranimationtemplate2019\util\debug\vectorobj.obj
c:\users\gmail\desktop\csc 473\a3\computeranimationtemplate2019\lib\util.lib
c:\users\gmail\desktop\csc 473\a3\computeranimationtemplate2019\util\../lib\util.lib
c:\users\gmail\desktop\csc 473\a3\computeranimationtemplate2019\util\debug\util.tlog\cl.command.1.tlog
c:\users\gmail\desktop\csc 473\a3\computeranimationtemplate2019\util\debug\util.tlog\cl.read.1.tlog
c:\users\gmail\desktop\csc 473\a3\computeranimationtemplate2019\util\debug\util.tlog\cl.write.1.tlog
c:\users\gmail\desktop\csc 473\a3\computeranimationtemplate2019\util\debug\util.tlog\lib-link.read.1.tlog
c:\users\gmail\desktop\csc 473\a3\computeranimationtemplate2019\util\debug\util.tlog\lib-link.write.1.tlog
c:\users\gmail\desktop\csc 473\a3\computeranimationtemplate2019\util\debug\util.tlog\lib.command.1.tlog
