c:\users\gmail\desktop\csc 473\a1\computeranimationtemplate2019\anim\debug\vc142.pdb
c:\users\gmail\desktop\csc 473\a1\computeranimationtemplate2019\anim\debug\vc142.idb
c:\users\gmail\desktop\csc 473\a1\computeranimationtemplate2019\anim\debug\anim.obj
c:\users\gmail\desktop\csc 473\a1\computeranimationtemplate2019\anim\debug\animtcl.obj
c:\users\gmail\desktop\csc 473\a1\computeranimationtemplate2019\anim\debug\baseobject.obj
c:\users\gmail\desktop\csc 473\a1\computeranimationtemplate2019\anim\debug\basesimulator.obj
c:\users\gmail\desktop\csc 473\a1\computeranimationtemplate2019\anim\debug\globalresourcemanager.obj
c:\users\gmail\desktop\csc 473\a1\computeranimationtemplate2019\anim\debug\myscene.obj
c:\users\gmail\desktop\csc 473\a1\computeranimationtemplate2019\anim\debug\resourcemanager.obj
c:\users\gmail\desktop\csc 473\a1\computeranimationtemplate2019\anim\debug\samplegravitysimulator.obj
c:\users\gmail\desktop\csc 473\a1\computeranimationtemplate2019\anim\debug\sampleparticle.obj
c:\users\gmail\desktop\csc 473\a1\computeranimationtemplate2019\anim\debug\basesystem.obj
c:\users\gmail\desktop\csc 473\a1\computeranimationtemplate2019\anim\debug\hermite.obj
c:\users\gmail\desktop\csc 473\a1\computeranimationtemplate2019\anim\debug\misslesystem.obj
c:\users\gmail\desktop\csc 473\a1\computeranimationtemplate2019\anim\debug\hermitesystem.obj
c:\users\gmail\desktop\csc 473\a1\computeranimationtemplate2019\anim\debug\tankpathsystem.obj
c:\users\gmail\desktop\csc 473\a1\computeranimationtemplate2019\anim\debug\tankpathsimulator.obj
c:\users\gmail\desktop\csc 473\a1\computeranimationtemplate2019\anim\debug\missilesystem.obj
c:\users\gmail\desktop\csc 473\a1\computeranimationtemplate2019\anim\debug\missilesimulator.obj
c:\users\gmail\desktop\csc 473\a1\computeranimationtemplate2019\build\anim.exe
c:\users\gmail\desktop\csc 473\a1\computeranimationtemplate2019\anim\debug\anim.ilk
c:\users\gmail\desktop\csc 473\a1\computeranimationtemplate2019\build\animp.pdb
c:\users\gmail\desktop\csc 473\a1\computeranimationtemplate2019\anim\debug\missilesystem.obj.enc
c:\users\gmail\desktop\csc 473\a1\computeranimationtemplate2019\anim\debug\anim.tlog\cl.command.1.tlog
c:\users\gmail\desktop\csc 473\a1\computeranimationtemplate2019\anim\debug\anim.tlog\cl.read.1.tlog
c:\users\gmail\desktop\csc 473\a1\computeranimationtemplate2019\anim\debug\anim.tlog\cl.write.1.tlog
c:\users\gmail\desktop\csc 473\a1\computeranimationtemplate2019\anim\debug\anim.tlog\link.command.1.tlog
c:\users\gmail\desktop\csc 473\a1\computeranimationtemplate2019\anim\debug\anim.tlog\link.read.1.tlog
c:\users\gmail\desktop\csc 473\a1\computeranimationtemplate2019\anim\debug\anim.tlog\link.write.1.tlog
